2025-10-06 15:16:40,764 - DefaultLogger - INFO - File Report.txt creato con successo.
2025-10-06 15:16:40,765 - DefaultLogger - INFO - Caricamento del file XML
2025-10-06 15:16:40,800 - DefaultLogger - INFO - Inizio parsing degli itinerari con plantId '164'
2025-10-06 15:16:40,800 - DefaultLogger - INFO - Parsing itinerario: 01-45 completato con successo.
2025-10-06 15:16:40,800 - DefaultLogger - INFO - Parsing itinerario: 01-48810 completato con successo.
2025-10-06 15:16:40,800 - DefaultLogger - INFO - Parsing itinerario: 01-43 completato con successo.
2025-10-06 15:16:40,800 - DefaultLogger - INFO - Parsing itinerario: 25-01 completato con successo.
2025-10-06 15:16:40,800 - DefaultLogger - INFO - Parsing itinerario: 23-01 completato con successo.
2025-10-06 15:16:40,800 - DefaultLogger - INFO - Parsing itinerario: 02-25 completato con successo.
2025-10-06 15:16:40,800 - DefaultLogger - INFO - Parsing itinerario: 02-23 completato con successo.
2025-10-06 15:16:40,800 - DefaultLogger - INFO - Parsing itinerario: 45-02 completato con successo.
2025-10-06 15:16:40,800 - DefaultLogger - INFO - Parsing itinerario: 43-02 completato con successo.
2025-10-06 15:16:40,801 - DefaultLogger - INFO - Trovati 9 itinerari con plantId '164' nel file XML.
2025-10-06 15:16:40,801 - DefaultLogger - INFO - Connessione al database in corso...
2025-10-06 15:16:41,000 - DefaultLogger - INFO - Connessione al database avvenuta con successo.
2025-10-06 15:16:41,000 - DefaultLogger - INFO - Recupero degli itinerari dal database...
2025-10-06 15:16:41,010 - DefaultLogger - INFO - Operazione completata con successo. Sono stati caricati: 8 itinerari.
2025-10-06 15:16:41,022 - DefaultLogger - INFO - Recupero e merge dei dati completato con successo.
2025-10-06 15:16:41,023 - DefaultLogger - INFO - Connessione al database chiusa.
2025-10-06 15:16:41,023 - DefaultLogger - INFO - Trovati 8 itinerari nel database.
2025-10-06 15:16:41,023 - DefaultLogger - INFO - Inizio confronto tra XML e database...
2025-10-06 15:16:41,028 - DefaultLogger - WARNING - Itinerario '01-48810' presente in XML ma assente nel DB.
2025-10-06 15:16:41,036 - ErrorLogger - ERROR - DIFF. Itinerario '25-01': TrackCircuit BCA24_163 non trovato nel DB.
2025-10-06 15:16:41,041 - ErrorLogger - ERROR - DIFF. Itinerario '23-01': TrackCircuit BCA24_163 non trovato nel DB.
2025-10-06 15:16:41,051 - ErrorLogger - ERROR - DIFF. Itinerario '45-02': TrackCircuit BCA02_165 non trovato nel DB.
2025-10-06 15:16:41,053 - ErrorLogger - ERROR - DIFF. Itinerario '43-02': TrackCircuit BCA02_165 non trovato nel DB.
2025-10-06 15:16:41,058 - DefaultLogger - INFO - Confronto completato con successo.
