2025-11-20 12:26:36,392 - DefaultLogger - INFO - File Report.txt creato con successo in: C:/Users/giuseppe.perricone/OneDrive - Angel Company/Documenti/PythonProgetto27/V2.1_browsing/Results\Report.txt
2025-11-20 12:26:45,497 - DefaultLogger - INFO - Parsing file: C:/Users/giuseppe.perricone/OneDrive - Angel Company/Documenti/PythonProgetto27/V2.1_browsing/Input/ITINERARI.xml
2025-11-20 12:26:45,523 - DefaultLogger - INFO - Inizio parsing degli itinerari con plantId '164'
2025-11-20 12:26:45,524 - DefaultLogger - INFO - Parsing itinerario: 01-45 completato con successo.
2025-11-20 12:26:45,524 - DefaultLogger - INFO - Parsing itinerario: 01-48810 completato con successo.
2025-11-20 12:26:45,524 - DefaultLogger - INFO - Parsing itinerario: 01-43 completato con successo.
2025-11-20 12:26:45,524 - DefaultLogger - INFO - Parsing itinerario: 25-01 completato con successo.
2025-11-20 12:26:45,524 - DefaultLogger - INFO - Parsing itinerario: 23-01 completato con successo.
2025-11-20 12:26:45,524 - DefaultLogger - INFO - Parsing itinerario: 02-25 completato con successo.
2025-11-20 12:26:45,524 - DefaultLogger - INFO - Parsing itinerario: 02-23 completato con successo.
2025-11-20 12:26:45,524 - DefaultLogger - INFO - Parsing itinerario: 45-02 completato con successo.
2025-11-20 12:26:45,524 - DefaultLogger - INFO - Parsing itinerario: 43-02 completato con successo.
2025-11-20 12:26:45,525 - DefaultLogger - INFO - Trovati 9 itinerari con plantId '164' nel file XML.
2025-11-20 12:26:45,525 - DefaultLogger - INFO - Connessione al database in corso...
2025-11-20 12:26:45,742 - DefaultLogger - INFO - Connessione al database avvenuta con successo.
2025-11-20 12:26:45,742 - DefaultLogger - INFO - Recupero degli itinerari dal database...
2025-11-20 12:26:45,749 - DefaultLogger - INFO - Operazione completata con successo. Sono stati caricati: 8 itinerari.
2025-11-20 12:26:45,756 - DefaultLogger - INFO - Recupero e merge dei dati completato con successo.
2025-11-20 12:26:45,756 - DefaultLogger - INFO - Connessione al database chiusa.
2025-11-20 12:26:45,756 - DefaultLogger - INFO - Trovati 8 itinerari nel database.
2025-11-20 12:26:45,756 - DefaultLogger - INFO - Inizio confronto tra XML e database...
2025-11-20 12:26:45,762 - DefaultLogger - WARNING - Itinerario '01-48810' presente in XML ma assente nel DB.
2025-11-20 12:26:45,765 - ErrorLogger - ERROR - DIFF. Itinerario '25-01': TrackCircuit BCA24_163 non trovato nel DB.
2025-11-20 12:26:45,768 - ErrorLogger - ERROR - DIFF. Itinerario '23-01': TrackCircuit BCA24_163 non trovato nel DB.
2025-11-20 12:26:45,772 - ErrorLogger - ERROR - DIFF. Itinerario '45-02': TrackCircuit BCA02_165 non trovato nel DB.
2025-11-20 12:26:45,775 - ErrorLogger - ERROR - DIFF. Itinerario '43-02': TrackCircuit BCA02_165 non trovato nel DB.
2025-11-20 12:26:45,780 - DefaultLogger - INFO - Confronto completato con successo.
